<?xml version="1.0" encoding="UTF-8"?>
<!-- Generated by org.testng.reporters.JUnitReportReporter -->
<testsuite hostname="FHINBLRLP030" failures="0" tests="1" name="web.b" time="2.660" errors="0" timestamp="16 Aug 2023 04:40:32 GMT">
  <testcase classname="web.b" name="initializeDriver" time="2.660"/>
</testsuite> <!-- web.b -->
