<?xml version="1.0" encoding="UTF-8"?>
<!-- Generated by org.testng.reporters.JUnitReportReporter -->
<testsuite hostname="FHINBLRLP030" failures="0" tests="3" name="Loginuat.loginUat" time="97.022" errors="0" timestamp="28 Dec 2023 09:44:49 GMT">
  <testcase classname="Loginuat.loginUat" name="verifyLoginFunctionalityByEnteringValidUsernameAndPassword" time="20.010"/>
  <testcase classname="Loginuat.loginUat" name="verifyLoginFunctionalityByEnteringInvalidUsernameAndPassword" time="5.055"/>
  <testcase classname="Loginuat.loginUat" name="verifyForgotPasswordFuctionalityForLogin" time="71.957"/>
</testsuite> <!-- Loginuat.loginUat -->
