<?xml version="1.0" encoding="UTF-8"?>
<!-- Generated by org.testng.reporters.JUnitReportReporter -->
<testsuite hostname="FHINBLRLP030" failures="0" tests="4" name="login.LoginTest" time="90.283" errors="0" timestamp="28 Dec 2023 06:40:57 GMT">
  <testcase classname="login.LoginTest" name="verifyLoginFunctionalityByEnteringValidUsernameandPassword" time="15.259"/>
  <testcase classname="login.LoginTest" name="verifyforgotPasswordFuctionalityForLogin" time="11.240"/>
  <testcase classname="login.LoginTest" name="verifyLoginFunctionalityByEnteringinValidUsernameandPassword" time="8.092"/>
  <testcase classname="login.LoginTest" name="verifyContinueWithGoogleFunctionalityForLogin" time="55.692"/>
</testsuite> <!-- login.LoginTest -->
