<?xml version="1.0" encoding="UTF-8"?>
<!-- Generated by org.testng.reporters.JUnitReportReporter -->
<testsuite hostname="FHINBLRLP030" failures="0" tests="1" name="web.a" time="2.382" errors="0" timestamp="16 Aug 2023 04:40:32 GMT">
  <testcase classname="web.a" name="initializeDriver" time="2.382"/>
</testsuite> <!-- web.a -->
