<?xml version="1.0" encoding="UTF-8"?>
<!-- Generated by org.testng.reporters.JUnitReportReporter -->
<testsuite hostname="FHINBLRLP030" failures="0" tests="2" name="login.LoginTest" time="31.728" errors="0" timestamp="13 Sep 2024 02:52:38 GMT">
  <testcase classname="login.LoginTest" name="verifyLoginFunctionalityByEnteringinValidUsernameandPassword" time="6.058"/>
  <testcase classname="login.LoginTest" name="verifyLoginFunctionalityByEnteringValidUsernameandPassword" time="25.670"/>
</testsuite> <!-- login.LoginTest -->
