<?xml version="1.0" encoding="UTF-8"?>
<!-- Generated by org.testng.reporters.JUnitReportReporter -->
<testsuite hostname="FHINBLRLP030" failures="0" tests="1" name="web.abcd" time="0.000" errors="0" timestamp="22 Aug 2023 10:29:16 GMT">
  <testcase classname="web.abcd" name="abcde" time="0.000"/>
</testsuite> <!-- web.abcd -->
