<?xml version="1.0" encoding="UTF-8"?>
<!-- Generated by org.testng.reporters.JUnitReportReporter -->
<testsuite hostname="FHINBLRLP030" failures="0" tests="1" name="Testcomponents.BaseTest" time="3.638" errors="0" timestamp="16 Aug 2023 04:39:36 GMT">
  <testcase classname="Testcomponents.BaseTest" name="initializeDriver" time="3.638"/>
</testsuite> <!-- Testcomponents.BaseTest -->
