<?xml version="1.0" encoding="UTF-8"?>
<!-- Generated by org.testng.reporters.JUnitReportReporter -->
<testsuite hostname="FHINBLRLP030" failures="0" tests="1" name="Registration.registration" time="132.771" errors="0" timestamp="1 Dec 2023 10:08:42 GMT">
  <testcase classname="Registration.registration" name="kycsubmission" time="132.771"/>
</testsuite> <!-- Registration.registration -->
